mktextfm fver8t
mktextfm fver8t
mktextfm fver8t
mktextfm fveb8t
mktextfm fvero8t
mktextfm nullfont
mktextfm fvebo8t
mktextfm nullfont
mktextfm fver8t
mktextfm fveb8t
mktextfm fvero8t
mktextfm nullfont
mktextfm fvebo8t
mktextfm nullfont
mktextfm fveb8t
mktextfm fvero8t
mktextfm nullfont
mktextfm fvebo8t
mktextfm nullfont
mktextfm fver8t
mktextfm fveb8t
mktextfm fvero8t
mktextfm nullfont
mktextfm fvebo8t
mktextfm nullfont
mktextfm fveb8t
mktextfm fvero8t
mktextfm nullfont
mktextfm fvebo8t
mktextfm nullfont
mktextfm fver8t
mktextfm fveb8t
mktextfm fvero8t
mktextfm nullfont
mktextfm fvebo8t
mktextfm nullfont
mktextfm fver8t
mktextfm fveb8t
mktextfm fvero8t
mktextfm nullfont
mktextfm fvebo8t
mktextfm nullfont
mktextfm fver8t
mktextfm fveb8t
mktextfm fvero8t
mktextfm nullfont
mktextfm fvebo8t
mktextfm nullfont
mktextfm fver8t
mktextfm fveb8t
mktextfm fvero8t
mktextfm nullfont
mktextfm fvebo8t
mktextfm nullfont
mktextfm fver8t
mktextfm fveb8t
mktextfm fvero8t
mktextfm nullfont
mktextfm fvebo8t
mktextfm nullfont
mktextfm fver8t
mktextfm fver8t
mktextfm fvmr8t
mktextfm fvmr8t
mktextfm fver8t
mktextfm fver8t
mktextfm fver8t
mktextfm fveb8t
mktextfm fvero8t
mktextfm nullfont
mktextfm fvebo8t
mktextfm nullfont
mktextfm fver8t
mktextfm fveb8t
mktextfm fvero8t
mktextfm nullfont
mktextfm fvebo8t
mktextfm nullfont
mktextfm fveb8t
mktextfm fvero8t
mktextfm nullfont
mktextfm fvebo8t
mktextfm nullfont
mktextfm fver8t
mktextfm fveb8t
mktextfm fvero8t
mktextfm nullfont
mktextfm fvebo8t
mktextfm nullfont
mktextfm fveb8t
mktextfm fvero8t
mktextfm nullfont
mktextfm fvebo8t
mktextfm nullfont
mktextfm fver8t
mktextfm fveb8t
mktextfm fvero8t
mktextfm nullfont
mktextfm fvebo8t
mktextfm nullfont
mktextfm fver8t
mktextfm fveb8t
mktextfm fvero8t
mktextfm nullfont
mktextfm fvebo8t
mktextfm nullfont
mktextfm fver8t
mktextfm fveb8t
mktextfm fvero8t
mktextfm nullfont
mktextfm fvebo8t
mktextfm nullfont
mktextfm fver8t
mktextfm fveb8t
mktextfm fvero8t
mktextfm nullfont
mktextfm fvebo8t
mktextfm nullfont
mktextfm fver8t
mktextfm fveb8t
mktextfm fvero8t
mktextfm nullfont
mktextfm fvebo8t
mktextfm nullfont
mktextfm fver8t
mktextfm fver8t
mktextfm fvmr8t
mktextfm fvmr8t
